app/build/intermediates/manifest_merge_blame_file/debug/manifest-merger-blame-debug-report.txt
1<?xml version="1.0" encoding="utf-8"?>
2<manifest xmlns:android="http://schemas.android.com/apk/res/android"
3    package="com.example.quizapp"
4    android:versionCode="1"
5    android:versionName="1.0" >
6
7    <uses-sdk
8        android:minSdkVersion="26"
8-->src/main/AndroidManifest.xml
9        android:targetSdkVersion="31" />
9-->src/main/AndroidManifest.xml
10
11    <application
11-->src/main/AndroidManifest.xml:5:5-32:19
12        android:allowBackup="true"
12-->src/main/AndroidManifest.xml:6:9-35
13        android:appComponentFactory="androidx.core.app.CoreComponentFactory"
13-->[androidx.core:core:1.3.2] AndroidManifest.xml:24:18-86
14        android:debuggable="true"
15        android:extractNativeLibs="false"
16        android:icon="@mipmap/ic_launcher"
16-->src/main/AndroidManifest.xml:7:9-43
17        android:label="@string/app_name"
17-->src/main/AndroidManifest.xml:8:9-41
18        android:roundIcon="@mipmap/ic_launcher_round"
18-->src/main/AndroidManifest.xml:9:9-54
19        android:supportsRtl="true"
19-->src/main/AndroidManifest.xml:10:9-35
20        android:testOnly="true"
21        android:theme="@style/Theme.QuizAPP" >
21-->src/main/AndroidManifest.xml:11:9-45
22        <activity
22-->src/main/AndroidManifest.xml:12:9-16:54
23            android:name="com.example.quizapp.ResultActivity"
23-->src/main/AndroidManifest.xml:13:13-43
24            android:exported="true"
24-->src/main/AndroidManifest.xml:14:13-36
25            android:screenOrientation="portrait"
25-->src/main/AndroidManifest.xml:15:13-49
26            android:theme="@style/NoActionBarTheme" />
26-->src/main/AndroidManifest.xml:16:13-52
27        <activity
27-->src/main/AndroidManifest.xml:17:9-19:39
28            android:name="com.example.quizapp.QuizQuestionsActivity"
28-->src/main/AndroidManifest.xml:18:13-50
29            android:exported="true" />
29-->src/main/AndroidManifest.xml:19:13-36
30        <activity
30-->src/main/AndroidManifest.xml:20:9-31:20
31            android:name="com.example.quizapp.MainActivity"
31-->src/main/AndroidManifest.xml:21:13-41
32            android:exported="true"
32-->src/main/AndroidManifest.xml:22:13-36
33            android:screenOrientation="portrait"
33-->src/main/AndroidManifest.xml:23:13-49
34            android:theme="@style/NoActionBarTheme"
34-->src/main/AndroidManifest.xml:24:13-52
35            android:windowSoftInputMode="adjustResize" >
35-->src/main/AndroidManifest.xml:25:13-55
36            <intent-filter>
36-->src/main/AndroidManifest.xml:26:13-30:29
37                <action android:name="android.intent.action.MAIN" />
37-->src/main/AndroidManifest.xml:27:17-69
37-->src/main/AndroidManifest.xml:27:25-66
38
39                <category android:name="android.intent.category.LAUNCHER" />
39-->src/main/AndroidManifest.xml:29:17-77
39-->src/main/AndroidManifest.xml:29:27-74
40            </intent-filter>
41        </activity>
42    </application>
43
44</manifest>